0 info it worked if it ends with ok
1 verbose cli [ '/Users/sven/.nvm/versions/node/v5.5.0/bin/node',
1 verbose cli   '/Users/sven/.nvm/versions/node/v5.5.0/bin/npm',
1 verbose cli   'publish' ]
2 info using npm@3.10.6
3 info using node@v5.5.0
4 verbose publish [ '.' ]
5 verbose stack Error: Failed to parse json
5 verbose stack Trailing comma in object at 47:1
5 verbose stack }
5 verbose stack ^
5 verbose stack     at parseError (/Users/sven/.nvm/versions/node/v5.5.0/lib/node_modules/npm/node_modules/read-package-json/read-json.js:390:11)
5 verbose stack     at parseJson (/Users/sven/.nvm/versions/node/v5.5.0/lib/node_modules/npm/node_modules/read-package-json/read-json.js:79:23)
5 verbose stack     at /Users/sven/.nvm/versions/node/v5.5.0/lib/node_modules/npm/node_modules/read-package-json/read-json.js:48:5
5 verbose stack     at /Users/sven/.nvm/versions/node/v5.5.0/lib/node_modules/npm/node_modules/graceful-fs/graceful-fs.js:78:16
5 verbose stack     at tryToString (fs.js:414:3)
5 verbose stack     at FSReqWrap.readFileAfterClose [as oncomplete] (fs.js:401:12)
6 verbose cwd /Users/sven/Documents/dev/react-waitforanimation
7 error Darwin 15.4.0
8 error argv "/Users/sven/.nvm/versions/node/v5.5.0/bin/node" "/Users/sven/.nvm/versions/node/v5.5.0/bin/npm" "publish"
9 error node v5.5.0
10 error npm  v3.10.6
11 error file /Users/sven/Documents/dev/react-waitforanimation/package.json
12 error code EJSONPARSE
13 error Failed to parse json
13 error Trailing comma in object at 47:1
13 error }
13 error ^
14 error File: /Users/sven/Documents/dev/react-waitforanimation/package.json
15 error Failed to parse package.json data.
15 error package.json must be actual JSON, not just JavaScript.
15 error
15 error This is not a bug in npm.
15 error Tell the package author to fix their package.json file. JSON.parse
16 verbose exit [ 1, true ]
